<?xml version="1.0" encoding="UTF-8"?>
<!-- Generated by org.testng.reporters.JUnitReportReporter -->
<testsuite hostname="SIPL2016-03" failures="0" tests="2" name="com.entrata.test.NavigationTests" time="143.709" errors="0" timestamp="2024-09-18T17:45:57 IST" skipped="0">
  <testcase classname="com.entrata.test.NavigationTests" name="navigateToSignInPage" time="95.020"/>
  <testcase classname="com.entrata.test.NavigationTests" name="verifyHomePageTitle" time="48.689"/>
</testsuite> <!-- com.entrata.test.NavigationTests -->
