<?xml version="1.0" encoding="UTF-8"?>
<!-- Generated by org.testng.reporters.JUnitReportReporter -->
<testsuite hostname="SIPL2016-03" failures="0" tests="3" name="com.entrata.test.IDS_loginTest" time="5.154" errors="0" timestamp="2024-10-10T17:24:53 IST" skipped="0">
  <testcase classname="com.entrata.test.IDS_loginTest" name="loginToIDS" time="1.326"/>
  <testcase classname="com.entrata.test.IDS_loginTest" name="loginToIDS" time="2.885"/>
  <testcase classname="com.entrata.test.IDS_loginTest" name="loginToIDS" time="0.943"/>
</testsuite> <!-- com.entrata.test.IDS_loginTest -->
