<?xml version="1.0" encoding="UTF-8"?>
<!-- Generated by org.testng.reporters.JUnitReportReporter -->
<<<<<<< HEAD
<testsuite hostname="SIPL2016-03" failures="0" tests="2" name="com.entrata.test.NavigationTests" time="147.232" errors="0" timestamp="2024-09-20T15:58:45 IST" skipped="0">
  <testcase classname="com.entrata.test.NavigationTests" name="verifyHomePageTitle" time="54.786"/>
  <testcase classname="com.entrata.test.NavigationTests" name="navigateToSignInPage" time="92.446"/>
=======
<testsuite hostname="SIPL2016-03" failures="0" tests="2" name="com.entrata.test.NavigationTests" time="143.709" errors="0" timestamp="2024-09-18T17:45:57 IST" skipped="0">
  <testcase classname="com.entrata.test.NavigationTests" name="navigateToSignInPage" time="95.020"/>
  <testcase classname="com.entrata.test.NavigationTests" name="verifyHomePageTitle" time="48.689"/>
>>>>>>> 7f6bd8822b970dcfc49683370e2324558f1ef76c
</testsuite> <!-- com.entrata.test.NavigationTests -->
