<?xml version="1.0" encoding="UTF-8"?>
<!-- Generated by org.testng.reporters.JUnitReportReporter -->
<testsuite hostname="SIPL2016-03" failures="0" tests="2" name="com.entrata.test.NavigationTests" time="147.232" errors="0" timestamp="2024-09-20T15:58:45 IST" skipped="0">
  <testcase classname="com.entrata.test.NavigationTests" name="verifyHomePageTitle" time="54.786"/>
  <testcase classname="com.entrata.test.NavigationTests" name="navigateToSignInPage" time="92.446"/>
</testsuite> <!-- com.entrata.test.NavigationTests -->
