<?xml version="1.0" encoding="UTF-8"?>
<!-- Generated by org.testng.reporters.JUnitReportReporter -->
<testsuite hostname="SIPL2016-03" failures="0" tests="4" name="com.entrata.test.RevisionClass" time="57.197" errors="0" timestamp="2024-10-10T17:24:53 IST" skipped="0">
  <testcase classname="com.entrata.test.RevisionClass" name="frameTask" time="12.372"/>
  <testcase classname="com.entrata.test.RevisionClass" name="LoginTO" time="30.585"/>
  <testcase classname="com.entrata.test.RevisionClass" name="windows_task" time="5.590"/>
  <testcase classname="com.entrata.test.RevisionClass" name="Slider_task" time="8.650"/>
</testsuite> <!-- com.entrata.test.RevisionClass -->
