<?xml version="1.0" encoding="UTF-8"?>
<!-- Generated by org.testng.reporters.JUnitReportReporter -->
<testsuite hostname="SIPL2016-03" failures="0" tests="1" name="com.entrata.test.FormInteractionTests" time="61.125" errors="0" timestamp="2024-10-04T18:39:00 IST" skipped="0">
  <testcase classname="com.entrata.test.FormInteractionTests" name="fillOutDemoRequestForm" time="61.125"/>
</testsuite> <!-- com.entrata.test.FormInteractionTests -->
