<?xml version="1.0" encoding="UTF-8"?>
<!-- Generated by org.testng.reporters.JUnitReportReporter -->
<<<<<<< HEAD
<testsuite hostname="SIPL2016-03" failures="0" tests="2" name="com.entrata.test.NavigationTests" time="133.803" errors="0" timestamp="2024-10-04T18:39:00 IST" skipped="0">
  <testcase classname="com.entrata.test.NavigationTests" name="verifyHomePageTitle" time="42.053"/>
  <testcase classname="com.entrata.test.NavigationTests" name="navigateToSignInPage" time="91.750"/>
=======
<testsuite hostname="LAPTOP-FIQ8QU3B" failures="0" tests="2" name="com.entrata.test.NavigationTests" time="31.094" errors="0" timestamp="2024-09-24T20:33:31 IST" skipped="0">
  <testcase classname="com.entrata.test.NavigationTests" name="navigateToSignInPage" time="21.925"/>
  <testcase classname="com.entrata.test.NavigationTests" name="verifyHomePageTitle" time="9.169"/>
>>>>>>> 7f6bd8822b970dcfc49683370e2324558f1ef76c
</testsuite> <!-- com.entrata.test.NavigationTests -->
