<?xml version="1.0" encoding="UTF-8"?>
<!-- Generated by org.testng.reporters.JUnitReportReporter -->
<testsuite hostname="LAPTOP-FIQ8QU3B" failures="0" tests="2" name="com.entrata.test.NavigationTests" time="31.094" errors="0" timestamp="2024-09-24T20:33:31 IST" skipped="0">
  <testcase classname="com.entrata.test.NavigationTests" name="navigateToSignInPage" time="21.925"/>
  <testcase classname="com.entrata.test.NavigationTests" name="verifyHomePageTitle" time="9.169"/>
</testsuite> <!-- com.entrata.test.NavigationTests -->
