<?xml version="1.0" encoding="UTF-8"?>
<!-- Generated by org.testng.reporters.JUnitReportReporter -->
<testsuite hostname="LAPTOP-FIQ8QU3B" failures="0" tests="1" name="com.entrata.test.FormInteractionTests" time="11.101" errors="0" timestamp="2024-09-18T19:09:59 IST" skipped="0">
  <testcase classname="com.entrata.test.FormInteractionTests" name="fillOutDemoRequestForm" time="11.101"/>
</testsuite> <!-- com.entrata.test.FormInteractionTests -->
