<?xml version="1.0" encoding="UTF-8"?>
<!-- Generated by org.testng.reporters.JUnitReportReporter -->
<testsuite hostname="LAPTOP-FIQ8QU3B" failures="0" tests="2" name="com.entrata.test.NavigationTests" time="10.973" errors="0" timestamp="2024-09-18T19:09:59 IST" skipped="0">
  <testcase classname="com.entrata.test.NavigationTests" name="verifyHomePageTitle" time="4.910"/>
  <testcase classname="com.entrata.test.NavigationTests" name="navigateToSignInPage" time="6.063"/>
</testsuite> <!-- com.entrata.test.NavigationTests -->
