<?xml version="1.0" encoding="UTF-8"?>
<!-- Generated by org.testng.reporters.JUnitReportReporter -->
<<<<<<< HEAD
<testsuite hostname="SIPL2016-03" failures="0" tests="1" name="com.entrata.test.FormInteractionTests" time="61.125" errors="0" timestamp="2024-10-04T18:39:00 IST" skipped="0">
  <testcase classname="com.entrata.test.FormInteractionTests" name="fillOutDemoRequestForm" time="61.125"/>
=======
<testsuite hostname="LAPTOP-FIQ8QU3B" failures="0" tests="1" name="com.entrata.test.FormInteractionTests" time="16.799" errors="0" timestamp="2024-09-24T20:33:31 IST" skipped="0">
  <testcase classname="com.entrata.test.FormInteractionTests" name="fillOutDemoRequestForm" time="16.799"/>
>>>>>>> 7f6bd8822b970dcfc49683370e2324558f1ef76c
</testsuite> <!-- com.entrata.test.FormInteractionTests -->
