<?xml version="1.0" encoding="UTF-8"?>
<!-- Generated by org.testng.reporters.JUnitReportReporter -->
<testsuite hostname="SIPL2016-03" failures="0" tests="3" name="com.entrata.test.RevisionClass" time="61.812" errors="0" timestamp="2024-10-09T16:23:39 IST" skipped="0">
  <testcase classname="com.entrata.test.RevisionClass" name="LoginTO" time="33.749"/>
  <testcase classname="com.entrata.test.RevisionClass" name="Slider_task" time="19.473"/>
  <testcase classname="com.entrata.test.RevisionClass" name="windows_task" time="8.590"/>
</testsuite> <!-- com.entrata.test.RevisionClass -->
