<?xml version="1.0" encoding="UTF-8"?>
<!-- Generated by org.testng.reporters.JUnitReportReporter -->
<testsuite hostname="SIPL2016-03" failures="0" tests="2" name="com.entrata.test.NavigationTests" time="133.803" errors="0" timestamp="2024-10-04T18:39:00 IST" skipped="0">
  <testcase classname="com.entrata.test.NavigationTests" name="verifyHomePageTitle" time="42.053"/>
  <testcase classname="com.entrata.test.NavigationTests" name="navigateToSignInPage" time="91.750"/>
</testsuite> <!-- com.entrata.test.NavigationTests -->
