<?xml version="1.0" encoding="UTF-8"?>
<!-- Generated by org.testng.reporters.JUnitReportReporter -->
<testsuite hostname="SIPL2016-03" failures="0" tests="1" name="com.entrata.test.FormInteractionTests" time="96.951" errors="0" timestamp="2024-09-18T16:42:08 IST" skipped="0">
  <testcase classname="com.entrata.test.FormInteractionTests" name="fillOutDemoRequestForm" time="96.951"/>
</testsuite> <!-- com.entrata.test.FormInteractionTests -->
